
*** Running vivado
    with args -log countdown_timer.vds -m64 -product Vivado -mode batch -messageDb vivado.pb -notrace -source countdown_timer.tcl



****** Vivado v2025.2 (64-bit)
  **** SW Build 6299465 on Fri Nov 14 19:35:11 GMT 2025
  **** IP Build 6300035 on Fri Nov 14 10:48:45 MST 2025
  **** SharedData Build 6298862 on Thu Nov 13 04:50:51 MST 2025
  **** Start of session at: Wed May 13 23:08:13 2026
    ** Copyright 1986-2022 Xilinx, Inc. All Rights Reserved.
    ** Copyright 2022-2025 Advanced Micro Devices, Inc. All Rights Reserved.

source countdown_timer.tcl -notrace
create_project: Time (s): cpu = 00:00:14 ; elapsed = 00:00:10 . Memory (MB): peak = 541.285 ; gain = 222.285
INFO: [IP_Flow 19-234] Refreshing IP repositories
INFO: [IP_Flow 19-1700] Loaded user IP repository 'c:/Xilinx_Labs/Lab_5/ZynqPmodVivado-Library'.
INFO: [IP_Flow 19-2313] Loaded Vivado IP repository 'C:/AMDDesignTools/Xilinx/2025.2/Vivado/data/ip'.
Command: read_checkpoint -auto_incremental -incremental C:/FPGA/timer_count_down/timer_count_down.srcs/utils_1/imports/synth_1/countdown_timer.dcp
INFO: [Vivado 12-5825] Read reference checkpoint from C:/FPGA/timer_count_down/timer_count_down.srcs/utils_1/imports/synth_1/countdown_timer.dcp for incremental synthesis
INFO: [Vivado 12-7989] Please ensure there are no constraint changes
Command: synth_design -top countdown_timer -part xc7a35tcpg236-1
Starting synth_design
Attempting to get a license for feature 'Synthesis' and/or device 'xc7a35t'
INFO: [Common 17-349] Got license for feature 'Synthesis' and/or device 'xc7a35t'
INFO: [Device 21-403] Loading part xc7a35tcpg236-1
INFO: [Designutils 20-5440] No compile time benefit to using incremental synthesis; A full resynthesis will be run
INFO: [Designutils 20-4379] Flow is switching to default flow due to incremental criteria not met. If you would like to alter this behaviour and have the flow terminate instead, please set the following parameter config_implementation {autoIncr.Synth.RejectBehavior Terminate}
INFO: [Synth 8-7079] Multithreading enabled for synth_design using a maximum of 2 processes.
INFO: [Synth 8-7078] Launching helper process for spawning children vivado processes
INFO: [Synth 8-7075] Helper process launched with PID 9196
---------------------------------------------------------------------------------
Starting RTL Elaboration : Time (s): cpu = 00:00:07 ; elapsed = 00:00:08 . Memory (MB): peak = 1355.562 ; gain = 543.891
---------------------------------------------------------------------------------
INFO: [Synth 8-6157] synthesizing module 'countdown_timer' [C:/FPGA/timer_count_down/timer_count_down.srcs/sources_1/new/countdown_timer.v:23]
INFO: [Synth 8-6155] done synthesizing module 'countdown_timer' (0#1) [C:/FPGA/timer_count_down/timer_count_down.srcs/sources_1/new/countdown_timer.v:23]
WARNING: [Synth 8-3917] design countdown_timer has port led[15] driven by constant 0
WARNING: [Synth 8-3917] design countdown_timer has port led[14] driven by constant 0
WARNING: [Synth 8-3917] design countdown_timer has port led[13] driven by constant 0
WARNING: [Synth 8-3917] design countdown_timer has port led[12] driven by constant 0
WARNING: [Synth 8-3917] design countdown_timer has port led[11] driven by constant 0
WARNING: [Synth 8-3917] design countdown_timer has port led[10] driven by constant 0
WARNING: [Synth 8-3917] design countdown_timer has port led[9] driven by constant 0
WARNING: [Synth 8-3917] design countdown_timer has port led[8] driven by constant 0
WARNING: [Synth 8-3917] design countdown_timer has port led[7] driven by constant 0
WARNING: [Synth 8-3917] design countdown_timer has port led[6] driven by constant 0
WARNING: [Synth 8-3917] design countdown_timer has port led[5] driven by constant 0
WARNING: [Synth 8-3917] design countdown_timer has port led[4] driven by constant 0
WARNING: [Synth 8-3917] design countdown_timer has port led[3] driven by constant 0
WARNING: [Synth 8-3917] design countdown_timer has port led[2] driven by constant 0
WARNING: [Synth 8-3917] design countdown_timer has port led[1] driven by constant 0
WARNING: [Synth 8-3917] design countdown_timer has port led[0] driven by constant 0
WARNING: [Synth 8-7129] Port sw[15] in module countdown_timer is either unconnected or has no load
WARNING: [Synth 8-7129] Port sw[14] in module countdown_timer is either unconnected or has no load
WARNING: [Synth 8-7129] Port sw[13] in module countdown_timer is either unconnected or has no load
WARNING: [Synth 8-7129] Port sw[12] in module countdown_timer is either unconnected or has no load
WARNING: [Synth 8-7129] Port sw[11] in module countdown_timer is either unconnected or has no load
WARNING: [Synth 8-7129] Port sw[10] in module countdown_timer is either unconnected or has no load
WARNING: [Synth 8-7129] Port sw[9] in module countdown_timer is either unconnected or has no load
WARNING: [Synth 8-7129] Port sw[8] in module countdown_timer is either unconnected or has no load
WARNING: [Synth 8-7129] Port sw[7] in module countdown_timer is either unconnected or has no load
WARNING: [Synth 8-7129] Port sw[6] in module countdown_timer is either unconnected or has no load
WARNING: [Synth 8-7129] Port sw[5] in module countdown_timer is either unconnected or has no load
WARNING: [Synth 8-7129] Port sw[4] in module countdown_timer is either unconnected or has no load
WARNING: [Synth 8-7129] Port sw[3] in module countdown_timer is either unconnected or has no load
WARNING: [Synth 8-7129] Port sw[2] in module countdown_timer is either unconnected or has no load
WARNING: [Synth 8-7129] Port sw[1] in module countdown_timer is either unconnected or has no load
WARNING: [Synth 8-7129] Port sw[0] in module countdown_timer is either unconnected or has no load
---------------------------------------------------------------------------------
Finished RTL Elaboration : Time (s): cpu = 00:00:10 ; elapsed = 00:00:11 . Memory (MB): peak = 1474.129 ; gain = 662.457
---------------------------------------------------------------------------------
---------------------------------------------------------------------------------
Start Handling Custom Attributes
---------------------------------------------------------------------------------
---------------------------------------------------------------------------------
Finished Handling Custom Attributes : Time (s): cpu = 00:00:10 ; elapsed = 00:00:11 . Memory (MB): peak = 1474.129 ; gain = 662.457
---------------------------------------------------------------------------------
---------------------------------------------------------------------------------
Finished RTL Optimization Phase 1 : Time (s): cpu = 00:00:10 ; elapsed = 00:00:11 . Memory (MB): peak = 1474.129 ; gain = 662.457
---------------------------------------------------------------------------------
Netlist sorting complete. Time (s): cpu = 00:00:00 ; elapsed = 00:00:00.003 . Memory (MB): peak = 1474.129 ; gain = 0.000
INFO: [Project 1-570] Preparing netlist for logic optimization

Processing XDC Constraints
Initializing timing engine
Parsing XDC File [C:/FPGA/timer_count_down/timer_count_down.srcs/constrs_1/new/clock_const.xdc]
Finished Parsing XDC File [C:/FPGA/timer_count_down/timer_count_down.srcs/constrs_1/new/clock_const.xdc]
INFO: [Project 1-236] Implementation specific constraints were found while reading constraint file [C:/FPGA/timer_count_down/timer_count_down.srcs/constrs_1/new/clock_const.xdc]. These constraints will be ignored for synthesis but will be used in implementation. Impacted constraints are listed in the file [.Xil/countdown_timer_propImpl.xdc].
Resolution: To avoid this warning, move constraints listed in [.Xil/countdown_timer_propImpl.xdc] to another XDC file and exclude this new file from synthesis with the used_in_synthesis property (File Properties dialog in GUI) and re-run elaboration/synthesis.
Completed Processing XDC Constraints

Netlist sorting complete. Time (s): cpu = 00:00:00 ; elapsed = 00:00:00 . Memory (MB): peak = 1536.016 ; gain = 0.000
INFO: [Project 1-111] Unisim Transformation Summary:
No Unisim elements were transformed.

Constraint Validation Runtime : Time (s): cpu = 00:00:00 ; elapsed = 00:00:00.005 . Memory (MB): peak = 1536.016 ; gain = 0.000
INFO: [Designutils 20-5440] No compile time benefit to using incremental synthesis; A full resynthesis will be run
INFO: [Designutils 20-4379] Flow is switching to default flow due to incremental criteria not met. If you would like to alter this behaviour and have the flow terminate instead, please set the following parameter config_implementation {autoIncr.Synth.RejectBehavior Terminate}
---------------------------------------------------------------------------------
Finished Constraint Validation : Time (s): cpu = 00:00:20 ; elapsed = 00:00:22 . Memory (MB): peak = 1536.016 ; gain = 724.344
---------------------------------------------------------------------------------
---------------------------------------------------------------------------------
Start Loading Part and Timing Information
---------------------------------------------------------------------------------
Loading part: xc7a35tcpg236-1
---------------------------------------------------------------------------------
Finished Loading Part and Timing Information : Time (s): cpu = 00:00:20 ; elapsed = 00:00:22 . Memory (MB): peak = 1536.016 ; gain = 724.344
---------------------------------------------------------------------------------
---------------------------------------------------------------------------------
Start Applying 'set_property' XDC Constraints
---------------------------------------------------------------------------------
---------------------------------------------------------------------------------
Finished applying 'set_property' XDC Constraints : Time (s): cpu = 00:00:20 ; elapsed = 00:00:22 . Memory (MB): peak = 1536.016 ; gain = 724.344
---------------------------------------------------------------------------------
---------------------------------------------------------------------------------
Finished RTL Optimization Phase 2 : Time (s): cpu = 00:00:21 ; elapsed = 00:00:23 . Memory (MB): peak = 1536.016 ; gain = 724.344
---------------------------------------------------------------------------------
---------------------------------------------------------------------------------
Start RTL Component Statistics 
---------------------------------------------------------------------------------
Detailed RTL Component Info : 
+---Adders : 
	   2 Input   27 Bit       Adders := 1     
	   2 Input   17 Bit       Adders := 1     
	   2 Input    4 Bit       Adders := 4     
	   2 Input    2 Bit       Adders := 1     
+---Registers : 
	               27 Bit    Registers := 1     
	               17 Bit    Registers := 1     
	                4 Bit    Registers := 4     
	                2 Bit    Registers := 1     
	                1 Bit    Registers := 1     
+---Muxes : 
	   2 Input   27 Bit        Muxes := 1     
	   4 Input    7 Bit        Muxes := 1     
	   2 Input    4 Bit        Muxes := 18    
	   4 Input    4 Bit        Muxes := 1     
	   2 Input    1 Bit        Muxes := 14    
---------------------------------------------------------------------------------
Finished RTL Component Statistics 
---------------------------------------------------------------------------------
---------------------------------------------------------------------------------
Start Part Resource Summary
---------------------------------------------------------------------------------
Part Resources:
DSPs: 90 (col length:60)
BRAMs: 100 (col length: RAMB18 60 RAMB36 30)
---------------------------------------------------------------------------------
Finished Part Resource Summary
---------------------------------------------------------------------------------
---------------------------------------------------------------------------------
Start Cross Boundary and Area Optimization
---------------------------------------------------------------------------------
WARNING: [Synth 8-3917] design countdown_timer has port led[15] driven by constant 0
WARNING: [Synth 8-3917] design countdown_timer has port led[14] driven by constant 0
WARNING: [Synth 8-3917] design countdown_timer has port led[13] driven by constant 0
WARNING: [Synth 8-3917] design countdown_timer has port led[12] driven by constant 0
WARNING: [Synth 8-3917] design countdown_timer has port led[11] driven by constant 0
WARNING: [Synth 8-3917] design countdown_timer has port led[10] driven by constant 0
WARNING: [Synth 8-3917] design countdown_timer has port led[9] driven by constant 0
WARNING: [Synth 8-3917] design countdown_timer has port led[8] driven by constant 0
WARNING: [Synth 8-3917] design countdown_timer has port led[7] driven by constant 0
WARNING: [Synth 8-3917] design countdown_timer has port led[6] driven by constant 0
WARNING: [Synth 8-3917] design countdown_timer has port led[5] driven by constant 0
WARNING: [Synth 8-3917] design countdown_timer has port led[4] driven by constant 0
WARNING: [Synth 8-3917] design countdown_timer has port led[3] driven by constant 0
WARNING: [Synth 8-3917] design countdown_timer has port led[2] driven by constant 0
WARNING: [Synth 8-3917] design countdown_timer has port led[1] driven by constant 0
WARNING: [Synth 8-3917] design countdown_timer has port led[0] driven by constant 0
WARNING: [Synth 8-7129] Port sw[15] in module countdown_timer is either unconnected or has no load
WARNING: [Synth 8-7129] Port sw[14] in module countdown_timer is either unconnected or has no load
WARNING: [Synth 8-7129] Port sw[13] in module countdown_timer is either unconnected or has no load
WARNING: [Synth 8-7129] Port sw[12] in module countdown_timer is either unconnected or has no load
WARNING: [Synth 8-7129] Port sw[11] in module countdown_timer is either unconnected or has no load
WARNING: [Synth 8-7129] Port sw[10] in module countdown_timer is either unconnected or has no load
WARNING: [Synth 8-7129] Port sw[9] in module countdown_timer is either unconnected or has no load
WARNING: [Synth 8-7129] Port sw[8] in module countdown_timer is either unconnected or has no load
WARNING: [Synth 8-7129] Port sw[7] in module countdown_timer is either unconnected or has no load
WARNING: [Synth 8-7129] Port sw[6] in module countdown_timer is either unconnected or has no load
WARNING: [Synth 8-7129] Port sw[5] in module countdown_timer is either unconnected or has no load
WARNING: [Synth 8-7129] Port sw[4] in module countdown_timer is either unconnected or has no load
WARNING: [Synth 8-7129] Port sw[3] in module countdown_timer is either unconnected or has no load
WARNING: [Synth 8-7129] Port sw[2] in module countdown_timer is either unconnected or has no load
WARNING: [Synth 8-7129] Port sw[1] in module countdown_timer is either unconnected or has no load
WARNING: [Synth 8-7129] Port sw[0] in module countdown_timer is either unconnected or has no load
---------------------------------------------------------------------------------
Finished Cross Boundary and Area Optimization : Time (s): cpu = 00:00:24 ; elapsed = 00:00:27 . Memory (MB): peak = 1536.016 ; gain = 724.344
---------------------------------------------------------------------------------
---------------------------------------------------------------------------------
Start Applying XDC Timing Constraints
---------------------------------------------------------------------------------
---------------------------------------------------------------------------------
Finished Applying XDC Timing Constraints : Time (s): cpu = 00:00:32 ; elapsed = 00:00:34 . Memory (MB): peak = 1672.504 ; gain = 860.832
---------------------------------------------------------------------------------
---------------------------------------------------------------------------------
Start Timing Optimization
---------------------------------------------------------------------------------
---------------------------------------------------------------------------------
Finished Timing Optimization : Time (s): cpu = 00:00:32 ; elapsed = 00:00:34 . Memory (MB): peak = 1673.117 ; gain = 861.445
---------------------------------------------------------------------------------
---------------------------------------------------------------------------------
Start Technology Mapping
---------------------------------------------------------------------------------
---------------------------------------------------------------------------------
Finished Technology Mapping : Time (s): cpu = 00:00:32 ; elapsed = 00:00:35 . Memory (MB): peak = 1692.215 ; gain = 880.543
---------------------------------------------------------------------------------
---------------------------------------------------------------------------------
Start IO Insertion
---------------------------------------------------------------------------------
---------------------------------------------------------------------------------
Start Flattening Before IO Insertion
---------------------------------------------------------------------------------
---------------------------------------------------------------------------------
Finished Flattening Before IO Insertion
---------------------------------------------------------------------------------
---------------------------------------------------------------------------------
Start Final Netlist Cleanup
---------------------------------------------------------------------------------
---------------------------------------------------------------------------------
Finished Final Netlist Cleanup
---------------------------------------------------------------------------------
---------------------------------------------------------------------------------
Finished IO Insertion : Time (s): cpu = 00:00:38 ; elapsed = 00:00:41 . Memory (MB): peak = 1931.344 ; gain = 1119.672
---------------------------------------------------------------------------------
---------------------------------------------------------------------------------
Start Renaming Generated Instances
---------------------------------------------------------------------------------
---------------------------------------------------------------------------------
Finished Renaming Generated Instances : Time (s): cpu = 00:00:38 ; elapsed = 00:00:41 . Memory (MB): peak = 1931.344 ; gain = 1119.672
---------------------------------------------------------------------------------
---------------------------------------------------------------------------------
Start Rebuilding User Hierarchy
---------------------------------------------------------------------------------
---------------------------------------------------------------------------------
Finished Rebuilding User Hierarchy : Time (s): cpu = 00:00:38 ; elapsed = 00:00:41 . Memory (MB): peak = 1931.344 ; gain = 1119.672
---------------------------------------------------------------------------------
---------------------------------------------------------------------------------
Start Renaming Generated Ports
---------------------------------------------------------------------------------
---------------------------------------------------------------------------------
Finished Renaming Generated Ports : Time (s): cpu = 00:00:38 ; elapsed = 00:00:41 . Memory (MB): peak = 1931.344 ; gain = 1119.672
---------------------------------------------------------------------------------
---------------------------------------------------------------------------------
Start Handling Custom Attributes
---------------------------------------------------------------------------------
---------------------------------------------------------------------------------
Finished Handling Custom Attributes : Time (s): cpu = 00:00:38 ; elapsed = 00:00:41 . Memory (MB): peak = 1931.344 ; gain = 1119.672
---------------------------------------------------------------------------------
---------------------------------------------------------------------------------
Start Renaming Generated Nets
---------------------------------------------------------------------------------
---------------------------------------------------------------------------------
Finished Renaming Generated Nets : Time (s): cpu = 00:00:38 ; elapsed = 00:00:41 . Memory (MB): peak = 1931.344 ; gain = 1119.672
---------------------------------------------------------------------------------
---------------------------------------------------------------------------------
Start Writing Synthesis Report
---------------------------------------------------------------------------------

Report BlackBoxes: 
+-+--------------+----------+
| |BlackBox name |Instances |
+-+--------------+----------+
+-+--------------+----------+

Report Cell Usage: 
+------+-------+------+
|      |Cell   |Count |
+------+-------+------+
|1     |BUFG   |     1|
|2     |CARRY4 |    11|
|3     |LUT1   |     6|
|4     |LUT2   |    13|
|5     |LUT3   |    24|
|6     |LUT4   |    25|
|7     |LUT5   |    13|
|8     |LUT6   |    40|
|9     |MUXF7  |     3|
|10    |FDRE   |    63|
|11    |IBUF   |     3|
|12    |OBUF   |    27|
+------+-------+------+
---------------------------------------------------------------------------------
Finished Writing Synthesis Report : Time (s): cpu = 00:00:38 ; elapsed = 00:00:41 . Memory (MB): peak = 1931.344 ; gain = 1119.672
---------------------------------------------------------------------------------
Synthesis finished with 0 errors, 0 critical warnings and 32 warnings.
Synthesis Optimization Runtime : Time (s): cpu = 00:00:26 ; elapsed = 00:00:39 . Memory (MB): peak = 1931.344 ; gain = 1057.785
Synthesis Optimization Complete : Time (s): cpu = 00:00:38 ; elapsed = 00:00:41 . Memory (MB): peak = 1931.344 ; gain = 1119.672
INFO: [Project 1-571] Translating synthesized netlist
Netlist sorting complete. Time (s): cpu = 00:00:00 ; elapsed = 00:00:00.003 . Memory (MB): peak = 1937.496 ; gain = 0.000
INFO: [Netlist 29-17] Analyzing 14 Unisim elements for replacement
INFO: [Netlist 29-28] Unisim Transformation completed in 0 CPU seconds
INFO: [Project 1-570] Preparing netlist for logic optimization
INFO: [Opt 31-138] Pushed 0 inverter(s) to 0 load pin(s).
Netlist sorting complete. Time (s): cpu = 00:00:00 ; elapsed = 00:00:00 . Memory (MB): peak = 1940.152 ; gain = 0.000
INFO: [Project 1-111] Unisim Transformation Summary:
No Unisim elements were transformed.

Synth Design complete | Checksum: bdd9b6e2
INFO: [Common 17-83] Releasing license: Synthesis
26 Infos, 64 Warnings, 0 Critical Warnings and 0 Errors encountered.
synth_design completed successfully
synth_design: Time (s): cpu = 00:00:45 ; elapsed = 00:00:49 . Memory (MB): peak = 1940.152 ; gain = 1312.902
Write ShapeDB Complete: Time (s): cpu = 00:00:00 ; elapsed = 00:00:00.002 . Memory (MB): peak = 1940.152 ; gain = 0.000
INFO: [Common 17-1381] The checkpoint 'C:/FPGA/timer_count_down/timer_count_down.runs/synth_1/countdown_timer.dcp' has been generated.
INFO: [Vivado 12-24828] Executing command : report_utilization -file countdown_timer_utilization_synth.rpt -pb countdown_timer_utilization_synth.pb
INFO: [Common 17-206] Exiting Vivado at Wed May 13 23:09:27 2026...
